<?xml version="1.0" encoding="UTF-8"?>
<!-- Generated by org.testng.reporters.JUnitReportReporter -->
<testsuite name="com.Hcl.DirectCommerce.Orders_with_backorder_items.Place_a_phone_order_for_E1_out_of_stock_item_and_override_the_quantity_at_header_level_as_well_as_after_kit_explodes_and_select_yes_to_backorder" tests="1" time="0.000" ignored="0" failures="0" timestamp="11 Aug 2021 21:26:52 GMT" skipped="1" hostname="IN2-1025604LT" errors="0">
  <testcase name="E1_OA" time="0.000" classname="com.Hcl.DirectCommerce.Orders_with_backorder_items.Place_a_phone_order_for_E1_out_of_stock_item_and_override_the_quantity_at_header_level_as_well_as_after_kit_explodes_and_select_yes_to_backorder">
    <skipped/>
  </testcase> <!-- E1_OA -->
</testsuite> <!-- com.Hcl.DirectCommerce.Orders_with_backorder_items.Place_a_phone_order_for_E1_out_of_stock_item_and_override_the_quantity_at_header_level_as_well_as_after_kit_explodes_and_select_yes_to_backorder -->
