<?xml version="1.0" encoding="UTF-8"?>
<!-- Generated by org.testng.reporters.JUnitReportReporter -->
<testsuite name="com.Hcl.DirectCommerce.Order_with_Credit_Card_and_Gift_Certificate.Place_order_for_R1_item_with_ONLY_Gift_Certificate" tests="1" time="446.798" ignored="0" failures="0" timestamp="26 Jun 2020 09:22:40 GMT" skipped="0" hostname="IN2-1025604LT" errors="0">
  <testcase name="K2_OA" time="446.798" classname="com.Hcl.DirectCommerce.Order_with_Credit_Card_and_Gift_Certificate.Place_order_for_R1_item_with_ONLY_Gift_Certificate"/>
</testsuite> <!-- com.Hcl.DirectCommerce.Order_with_Credit_Card_and_Gift_Certificate.Place_order_for_R1_item_with_ONLY_Gift_Certificate -->
