<?xml version="1.0" encoding="UTF-8"?>
<!-- Generated by org.testng.reporters.JUnitReportReporter -->
<testsuite name="com.Hcl.DirectCommerce.HomePage.DEmo" tests="1" time="22.671" ignored="0" failures="0" timestamp="16 May 2019 10:52:34 GMT" skipped="0" hostname="IN2-1025604LT" errors="0">
  <testcase name="f" time="22.671" classname="com.Hcl.DirectCommerce.HomePage.DEmo"/>
</testsuite> <!-- com.Hcl.DirectCommerce.HomePage.DEmo -->
