<?xml version="1.0" encoding="UTF-8"?>
<!-- Generated by org.testng.reporters.JUnitReportReporter -->
<testsuite name="com.Hcl.DirectCommerce.Modifyorder.Verify_Modify_order_by_making_the_tax_exempt_as_Y" tests="2" time="612.461" ignored="0" failures="0" timestamp="28 Apr 2022 11:01:40 GMT" skipped="0" hostname="IN2-1025604LT" errors="0">
  <testcase name="returnOrder" time="18.936" classname="com.Hcl.DirectCommerce.Modifyorder.Verify_Modify_order_by_making_the_tax_exempt_as_Y"/>
  <testcase name="R1_OA" time="593.525" classname="com.Hcl.DirectCommerce.Modifyorder.Verify_Modify_order_by_making_the_tax_exempt_as_Y"/>
</testsuite> <!-- com.Hcl.DirectCommerce.Modifyorder.Verify_Modify_order_by_making_the_tax_exempt_as_Y -->
