<?xml version="1.0" encoding="UTF-8"?>
<!-- Generated by org.testng.reporters.JUnitReportReporter -->
<testsuite name="com.Hcl.DirectCommerce.CustomerSearch.Verify_the_filters_available_on_the_left_side_after_successful_search" tests="1" time="101.732" ignored="0" failures="0" timestamp="07 Apr 2020 04:35:19 GMT" skipped="0" hostname="IN2-1025604LT" errors="0">
  <testcase name="TC_4" time="101.732" classname="com.Hcl.DirectCommerce.CustomerSearch.Verify_the_filters_available_on_the_left_side_after_successful_search"/>
</testsuite> <!-- com.Hcl.DirectCommerce.CustomerSearch.Verify_the_filters_available_on_the_left_side_after_successful_search -->
