<?xml version="1.0" encoding="UTF-8"?>
<!-- Generated by org.testng.reporters.JUnitReportReporter -->
<testsuite name="com.Hcl.DirectCommerce.Order_Diff_Products_Price_Override.Place_a_phone_order_for_E6_item_and_override_the_price_on_header_both_header_and_component" tests="1" time="210.172" ignored="0" failures="1" timestamp="11 Aug 2021 21:26:52 GMT" skipped="0" hostname="IN2-1025604LT" errors="0">
  <testcase name="E6_OA" time="210.172" classname="com.Hcl.DirectCommerce.Order_Diff_Products_Price_Override.Place_a_phone_order_for_E6_item_and_override_the_price_on_header_both_header_and_component">
    <failure type="java.lang.AssertionError" message="User is not able Enter sourcecode">
      <![CDATA[java.lang.AssertionError: User is not able Enter sourcecode
	at org.testng.Assert.fail(Assert.java:94)
	at com.Hcl.DirectCommerce.uiActions.customerInformation.provideProduct(customerInformation.java:102)
	at com.Hcl.DirectCommerce.Order_Diff_Products_Price_Override.Place_a_phone_order_for_E6_item_and_override_the_price_on_header_both_header_and_component.E6_OA(Place_a_phone_order_for_E6_item_and_override_the_price_on_header_both_header_and_component.java:65)
	at sun.reflect.NativeMethodAccessorImpl.invoke0(Native Method)
	at sun.reflect.NativeMethodAccessorImpl.invoke(NativeMethodAccessorImpl.java:62)
	at sun.reflect.DelegatingMethodAccessorImpl.invoke(DelegatingMethodAccessorImpl.java:43)
	at java.lang.reflect.Method.invoke(Method.java:498)
	at org.testng.internal.MethodInvocationHelper.invokeMethod(MethodInvocationHelper.java:104)
	at org.testng.internal.Invoker.invokeMethod(Invoker.java:645)
	at org.testng.internal.Invoker.invokeTestMethod(Invoker.java:851)
	at org.testng.internal.Invoker.invokeTestMethods(Invoker.java:1177)
	at org.testng.internal.TestMethodWorker.invokeTestMethods(TestMethodWorker.java:129)
	at org.testng.internal.TestMethodWorker.run(TestMethodWorker.java:112)
	at org.testng.TestRunner.privateRun(TestRunner.java:756)
	at org.testng.TestRunner.run(TestRunner.java:610)
	at org.testng.SuiteRunner.runTest(SuiteRunner.java:387)
	at org.testng.SuiteRunner.runSequentially(SuiteRunner.java:382)
	at org.testng.SuiteRunner.privateRun(SuiteRunner.java:340)
	at org.testng.SuiteRunner.run(SuiteRunner.java:289)
	at org.testng.SuiteRunnerWorker.runSuite(SuiteRunnerWorker.java:52)
	at org.testng.SuiteRunnerWorker.run(SuiteRunnerWorker.java:86)
	at org.testng.TestNG.runSuitesSequentially(TestNG.java:1293)
	at org.testng.TestNG.runSuitesLocally(TestNG.java:1218)
	at org.testng.TestNG.runSuites(TestNG.java:1133)
	at org.testng.TestNG.run(TestNG.java:1104)
	at org.testng.remote.AbstractRemoteTestNG.run(AbstractRemoteTestNG.java:132)
	at org.testng.remote.RemoteTestNG.initAndRun(RemoteTestNG.java:236)
	at org.testng.remote.RemoteTestNG.main(RemoteTestNG.java:81)
]]>
    </failure>
  </testcase> <!-- E6_OA -->
</testsuite> <!-- com.Hcl.DirectCommerce.Order_Diff_Products_Price_Override.Place_a_phone_order_for_E6_item_and_override_the_price_on_header_both_header_and_component -->
