<?xml version="1.0" encoding="UTF-8"?>
<!-- Generated by org.testng.reporters.JUnitReportReporter -->
<testsuite name="com.Hcl.DirectCommerce.HomePage.test" tests="1" time="0.011" ignored="0" failures="0" timestamp="22 May 2019 08:57:46 GMT" skipped="0" hostname="IN2-1025604LT" errors="0">
  <testcase name="T1" time="0.011" classname="com.Hcl.DirectCommerce.HomePage.test"/>
</testsuite> <!-- com.Hcl.DirectCommerce.HomePage.test -->
