<?xml version="1.0" encoding="UTF-8"?>
<!-- Generated by org.testng.reporters.JUnitReportReporter -->
<testsuite name="com.Hcl.DirectCommerce.Modifyorder.Verify_Modify_order_by_adding_new_items_E1" tests="2" time="511.864" ignored="0" failures="0" timestamp="05 Jan 2022 06:59:51 GMT" skipped="0" hostname="IN2-1025604LT" errors="0">
  <testcase name="E1_OA" time="490.765" classname="com.Hcl.DirectCommerce.Modifyorder.Verify_Modify_order_by_adding_new_items_E1"/>
  <testcase name="returnOrder" time="21.099" classname="com.Hcl.DirectCommerce.Modifyorder.Verify_Modify_order_by_adding_new_items_E1"/>
</testsuite> <!-- com.Hcl.DirectCommerce.Modifyorder.Verify_Modify_order_by_adding_new_items_E1 -->
