<?xml version="1.0" encoding="UTF-8"?>
<!-- Generated by org.testng.reporters.JUnitReportReporter -->
<testsuite name="com.Hcl.DirectCommerce.Order_with_Credit_Card_and_Gift_Certificate.Place_an_Order_for_K1_item_with_Gift_certificate_and_partially_paid_with_Open_account" tests="1" time="461.373" ignored="0" failures="0" timestamp="26 Jun 2020 10:54:47 GMT" skipped="0" hostname="IN2-1025604LT" errors="0">
  <testcase name="K1_OA" time="461.373" classname="com.Hcl.DirectCommerce.Order_with_Credit_Card_and_Gift_Certificate.Place_an_Order_for_K1_item_with_Gift_certificate_and_partially_paid_with_Open_account"/>
</testsuite> <!-- com.Hcl.DirectCommerce.Order_with_Credit_Card_and_Gift_Certificate.Place_an_Order_for_K1_item_with_Gift_certificate_and_partially_paid_with_Open_account -->
