<?xml version="1.0" encoding="UTF-8"?>
<!-- Generated by org.testng.reporters.JUnitReportReporter -->
<testsuite name="com.Hcl.DirectCommerce.Orders_with_Additional_Pay_methods_gift_coupon_cert.Place_a_phone_order_for_E1_item_with_Gift_Certficate_pay_method_Fully_Paid" tests="1" time="399.746" ignored="0" failures="0" timestamp="14 May 2020 09:53:28 GMT" skipped="0" hostname="IN2-1025604LT" errors="0">
  <testcase name="E1_OA" time="399.746" classname="com.Hcl.DirectCommerce.Orders_with_Additional_Pay_methods_gift_coupon_cert.Place_a_phone_order_for_E1_item_with_Gift_Certficate_pay_method_Fully_Paid"/>
</testsuite> <!-- com.Hcl.DirectCommerce.Orders_with_Additional_Pay_methods_gift_coupon_cert.Place_a_phone_order_for_E1_item_with_Gift_Certficate_pay_method_Fully_Paid -->
