<?xml version="1.0" encoding="UTF-8"?>
<!-- Generated by org.testng.reporters.JUnitReportReporter -->
<testsuite name="com.Hcl.DirectCommerce.LoginPage.Verify_Reset_Password_in_which_confirm_newpassword_Is_notMatching" tests="2" time="1.412" ignored="63" failures="2" timestamp="03 Jun 2019 08:38:37 GMT" skipped="0" hostname="IN2-1025604LT" errors="0">
  <testcase name="Tc" time="0.682" classname="com.Hcl.DirectCommerce.LoginPage.Verify_Reset_Password_in_which_confirm_newpassword_Is_notMatching">
    <failure type="java.lang.AssertionError" message="An error occured while logging into portal, check if the credentials are correct.">
      <![CDATA[java.lang.AssertionError: An error occured while logging into portal, check if the credentials are correct.
	at org.testng.Assert.fail(Assert.java:94)
	at com.Hcl.DirectCommerce.uiActions.LoginPage.logintoApplication(LoginPage.java:106)
	at com.Hcl.DirectCommerce.LoginPage.Verify_Reset_Password_in_which_confirm_newpassword_Is_notMatching.Tc(Verify_Reset_Password_in_which_confirm_newpassword_Is_notMatching.java:53)
	at sun.reflect.NativeMethodAccessorImpl.invoke0(Native Method)
	at sun.reflect.NativeMethodAccessorImpl.invoke(NativeMethodAccessorImpl.java:62)
	at sun.reflect.DelegatingMethodAccessorImpl.invoke(DelegatingMethodAccessorImpl.java:43)
	at java.lang.reflect.Method.invoke(Method.java:498)
	at org.testng.internal.MethodInvocationHelper.invokeMethod(MethodInvocationHelper.java:104)
	at org.testng.internal.Invoker.invokeMethod(Invoker.java:645)
	at org.testng.internal.Invoker.invokeTestMethod(Invoker.java:851)
	at org.testng.internal.Invoker.invokeTestMethods(Invoker.java:1177)
	at org.testng.internal.TestMethodWorker.invokeTestMethods(TestMethodWorker.java:129)
	at org.testng.internal.TestMethodWorker.run(TestMethodWorker.java:112)
	at org.testng.TestRunner.privateRun(TestRunner.java:756)
	at org.testng.TestRunner.run(TestRunner.java:610)
	at org.testng.SuiteRunner.runTest(SuiteRunner.java:387)
	at org.testng.SuiteRunner.runSequentially(SuiteRunner.java:382)
	at org.testng.SuiteRunner.privateRun(SuiteRunner.java:340)
	at org.testng.SuiteRunner.run(SuiteRunner.java:289)
	at org.testng.SuiteRunnerWorker.runSuite(SuiteRunnerWorker.java:52)
	at org.testng.SuiteRunnerWorker.run(SuiteRunnerWorker.java:86)
	at org.testng.TestNG.runSuitesSequentially(TestNG.java:1293)
	at org.testng.TestNG.runSuitesLocally(TestNG.java:1218)
	at org.testng.TestNG.runSuites(TestNG.java:1133)
	at org.testng.TestNG.run(TestNG.java:1104)
	at org.testng.remote.AbstractRemoteTestNG.run(AbstractRemoteTestNG.java:132)
	at org.testng.remote.RemoteTestNG.initAndRun(RemoteTestNG.java:236)
	at org.testng.remote.RemoteTestNG.main(RemoteTestNG.java:81)
]]>
    </failure>
  </testcase> <!-- Tc -->
  <testcase name="Tc19" time="0.730" classname="com.Hcl.DirectCommerce.LoginPage.Verify_Reset_Password_in_which_confirm_newpassword_Is_notMatching">
    <failure type="java.lang.AssertionError" message="An error occured while logging into portal, check if the credentials are correct.">
      <![CDATA[java.lang.AssertionError: An error occured while logging into portal, check if the credentials are correct.
	at org.testng.Assert.fail(Assert.java:94)
	at com.Hcl.DirectCommerce.uiActions.LoginPage.logintoApplication(LoginPage.java:106)
	at com.Hcl.DirectCommerce.LoginPage.Verify_Reset_Password_in_which_confirm_newpassword_Is_notMatching.Tc19(Verify_Reset_Password_in_which_confirm_newpassword_Is_notMatching.java:25)
	at sun.reflect.NativeMethodAccessorImpl.invoke0(Native Method)
	at sun.reflect.NativeMethodAccessorImpl.invoke(NativeMethodAccessorImpl.java:62)
	at sun.reflect.DelegatingMethodAccessorImpl.invoke(DelegatingMethodAccessorImpl.java:43)
	at java.lang.reflect.Method.invoke(Method.java:498)
	at org.testng.internal.MethodInvocationHelper.invokeMethod(MethodInvocationHelper.java:104)
	at org.testng.internal.Invoker.invokeMethod(Invoker.java:645)
	at org.testng.internal.Invoker.invokeTestMethod(Invoker.java:851)
	at org.testng.internal.Invoker.invokeTestMethods(Invoker.java:1177)
	at org.testng.internal.TestMethodWorker.invokeTestMethods(TestMethodWorker.java:129)
	at org.testng.internal.TestMethodWorker.run(TestMethodWorker.java:112)
	at org.testng.TestRunner.privateRun(TestRunner.java:756)
	at org.testng.TestRunner.run(TestRunner.java:610)
	at org.testng.SuiteRunner.runTest(SuiteRunner.java:387)
	at org.testng.SuiteRunner.runSequentially(SuiteRunner.java:382)
	at org.testng.SuiteRunner.privateRun(SuiteRunner.java:340)
	at org.testng.SuiteRunner.run(SuiteRunner.java:289)
	at org.testng.SuiteRunnerWorker.runSuite(SuiteRunnerWorker.java:52)
	at org.testng.SuiteRunnerWorker.run(SuiteRunnerWorker.java:86)
	at org.testng.TestNG.runSuitesSequentially(TestNG.java:1293)
	at org.testng.TestNG.runSuitesLocally(TestNG.java:1218)
	at org.testng.TestNG.runSuites(TestNG.java:1133)
	at org.testng.TestNG.run(TestNG.java:1104)
	at org.testng.remote.AbstractRemoteTestNG.run(AbstractRemoteTestNG.java:132)
	at org.testng.remote.RemoteTestNG.initAndRun(RemoteTestNG.java:236)
	at org.testng.remote.RemoteTestNG.main(RemoteTestNG.java:81)
]]>
    </failure>
  </testcase> <!-- Tc19 -->
  <testcase name="beforeTest" classname="com.Hcl.DirectCommerce.testBase.TestBase">
    <skipped/>
  </testcase> <!-- beforeTest -->
  <testcase name="beforeTest" classname="com.Hcl.DirectCommerce.testBase.TestBase">
    <skipped/>
  </testcase> <!-- beforeTest -->
  <testcase name="beforeTest" classname="com.Hcl.DirectCommerce.testBase.TestBase">
    <skipped/>
  </testcase> <!-- beforeTest -->
  <testcase name="beforeTest" classname="com.Hcl.DirectCommerce.testBase.TestBase">
    <skipped/>
  </testcase> <!-- beforeTest -->
  <testcase name="beforeTest" classname="com.Hcl.DirectCommerce.testBase.TestBase">
    <skipped/>
  </testcase> <!-- beforeTest -->
  <testcase name="beforeTest" classname="com.Hcl.DirectCommerce.testBase.TestBase">
    <skipped/>
  </testcase> <!-- beforeTest -->
  <testcase name="beforeTest" classname="com.Hcl.DirectCommerce.testBase.TestBase">
    <skipped/>
  </testcase> <!-- beforeTest -->
  <testcase name="beforeTest" classname="com.Hcl.DirectCommerce.testBase.TestBase">
    <skipped/>
  </testcase> <!-- beforeTest -->
  <testcase name="beforeTest" classname="com.Hcl.DirectCommerce.testBase.TestBase">
    <skipped/>
  </testcase> <!-- beforeTest -->
  <testcase name="beforeTest" classname="com.Hcl.DirectCommerce.testBase.TestBase">
    <skipped/>
  </testcase> <!-- beforeTest -->
  <testcase name="beforeTest" classname="com.Hcl.DirectCommerce.testBase.TestBase">
    <skipped/>
  </testcase> <!-- beforeTest -->
  <testcase name="beforeTest" classname="com.Hcl.DirectCommerce.testBase.TestBase">
    <skipped/>
  </testcase> <!-- beforeTest -->
  <testcase name="beforeTest" classname="com.Hcl.DirectCommerce.testBase.TestBase">
    <skipped/>
  </testcase> <!-- beforeTest -->
  <testcase name="beforeTest" classname="com.Hcl.DirectCommerce.testBase.TestBase">
    <skipped/>
  </testcase> <!-- beforeTest -->
  <testcase name="beforeTest" classname="com.Hcl.DirectCommerce.testBase.TestBase">
    <skipped/>
  </testcase> <!-- beforeTest -->
  <testcase name="beforeTest" classname="com.Hcl.DirectCommerce.testBase.TestBase">
    <skipped/>
  </testcase> <!-- beforeTest -->
  <testcase name="beforeTest" classname="com.Hcl.DirectCommerce.testBase.TestBase">
    <skipped/>
  </testcase> <!-- beforeTest -->
  <testcase name="beforeTest" classname="com.Hcl.DirectCommerce.testBase.TestBase">
    <skipped/>
  </testcase> <!-- beforeTest -->
  <testcase name="beforeTest" classname="com.Hcl.DirectCommerce.testBase.TestBase">
    <skipped/>
  </testcase> <!-- beforeTest -->
  <testcase name="beforeTest" classname="com.Hcl.DirectCommerce.testBase.TestBase">
    <skipped/>
  </testcase> <!-- beforeTest -->
  <testcase name="beforeTest" classname="com.Hcl.DirectCommerce.testBase.TestBase">
    <skipped/>
  </testcase> <!-- beforeTest -->
  <testcase name="afterTest" classname="com.Hcl.DirectCommerce.testBase.TestBase">
    <skipped/>
  </testcase> <!-- afterTest -->
  <testcase name="afterTest" classname="com.Hcl.DirectCommerce.testBase.TestBase">
    <skipped/>
  </testcase> <!-- afterTest -->
  <testcase name="afterTest" classname="com.Hcl.DirectCommerce.testBase.TestBase">
    <skipped/>
  </testcase> <!-- afterTest -->
  <testcase name="afterTest" classname="com.Hcl.DirectCommerce.testBase.TestBase">
    <skipped/>
  </testcase> <!-- afterTest -->
  <testcase name="afterTest" classname="com.Hcl.DirectCommerce.testBase.TestBase">
    <skipped/>
  </testcase> <!-- afterTest -->
  <testcase name="afterTest" classname="com.Hcl.DirectCommerce.testBase.TestBase">
    <skipped/>
  </testcase> <!-- afterTest -->
  <testcase name="afterTest" classname="com.Hcl.DirectCommerce.testBase.TestBase">
    <skipped/>
  </testcase> <!-- afterTest -->
  <testcase name="afterTest" classname="com.Hcl.DirectCommerce.testBase.TestBase">
    <skipped/>
  </testcase> <!-- afterTest -->
  <testcase name="afterTest" classname="com.Hcl.DirectCommerce.testBase.TestBase">
    <skipped/>
  </testcase> <!-- afterTest -->
  <testcase name="afterTest" classname="com.Hcl.DirectCommerce.testBase.TestBase">
    <skipped/>
  </testcase> <!-- afterTest -->
  <testcase name="afterTest" classname="com.Hcl.DirectCommerce.testBase.TestBase">
    <skipped/>
  </testcase> <!-- afterTest -->
  <testcase name="afterTest" classname="com.Hcl.DirectCommerce.testBase.TestBase">
    <skipped/>
  </testcase> <!-- afterTest -->
  <testcase name="afterTest" classname="com.Hcl.DirectCommerce.testBase.TestBase">
    <skipped/>
  </testcase> <!-- afterTest -->
  <testcase name="afterTest" classname="com.Hcl.DirectCommerce.testBase.TestBase">
    <skipped/>
  </testcase> <!-- afterTest -->
  <testcase name="afterTest" classname="com.Hcl.DirectCommerce.testBase.TestBase">
    <skipped/>
  </testcase> <!-- afterTest -->
  <testcase name="afterTest" classname="com.Hcl.DirectCommerce.testBase.TestBase">
    <skipped/>
  </testcase> <!-- afterTest -->
  <testcase name="afterTest" classname="com.Hcl.DirectCommerce.testBase.TestBase">
    <skipped/>
  </testcase> <!-- afterTest -->
  <testcase name="afterTest" classname="com.Hcl.DirectCommerce.testBase.TestBase">
    <skipped/>
  </testcase> <!-- afterTest -->
  <testcase name="afterTest" classname="com.Hcl.DirectCommerce.testBase.TestBase">
    <skipped/>
  </testcase> <!-- afterTest -->
  <testcase name="afterTest" classname="com.Hcl.DirectCommerce.testBase.TestBase">
    <skipped/>
  </testcase> <!-- afterTest -->
  <testcase name="afterTest" classname="com.Hcl.DirectCommerce.testBase.TestBase">
    <skipped/>
  </testcase> <!-- afterTest -->
  <testcase name="beforeSuite" classname="com.Hcl.DirectCommerce.testBase.TestBase">
    <skipped/>
  </testcase> <!-- beforeSuite -->
  <testcase name="beforeSuite" classname="com.Hcl.DirectCommerce.testBase.TestBase">
    <skipped/>
  </testcase> <!-- beforeSuite -->
  <testcase name="beforeSuite" classname="com.Hcl.DirectCommerce.testBase.TestBase">
    <skipped/>
  </testcase> <!-- beforeSuite -->
  <testcase name="beforeSuite" classname="com.Hcl.DirectCommerce.testBase.TestBase">
    <skipped/>
  </testcase> <!-- beforeSuite -->
  <testcase name="beforeSuite" classname="com.Hcl.DirectCommerce.testBase.TestBase">
    <skipped/>
  </testcase> <!-- beforeSuite -->
  <testcase name="beforeSuite" classname="com.Hcl.DirectCommerce.testBase.TestBase">
    <skipped/>
  </testcase> <!-- beforeSuite -->
  <testcase name="beforeSuite" classname="com.Hcl.DirectCommerce.testBase.TestBase">
    <skipped/>
  </testcase> <!-- beforeSuite -->
  <testcase name="beforeSuite" classname="com.Hcl.DirectCommerce.testBase.TestBase">
    <skipped/>
  </testcase> <!-- beforeSuite -->
  <testcase name="beforeSuite" classname="com.Hcl.DirectCommerce.testBase.TestBase">
    <skipped/>
  </testcase> <!-- beforeSuite -->
  <testcase name="beforeSuite" classname="com.Hcl.DirectCommerce.testBase.TestBase">
    <skipped/>
  </testcase> <!-- beforeSuite -->
  <testcase name="beforeSuite" classname="com.Hcl.DirectCommerce.testBase.TestBase">
    <skipped/>
  </testcase> <!-- beforeSuite -->
  <testcase name="beforeSuite" classname="com.Hcl.DirectCommerce.testBase.TestBase">
    <skipped/>
  </testcase> <!-- beforeSuite -->
  <testcase name="beforeSuite" classname="com.Hcl.DirectCommerce.testBase.TestBase">
    <skipped/>
  </testcase> <!-- beforeSuite -->
  <testcase name="beforeSuite" classname="com.Hcl.DirectCommerce.testBase.TestBase">
    <skipped/>
  </testcase> <!-- beforeSuite -->
  <testcase name="beforeSuite" classname="com.Hcl.DirectCommerce.testBase.TestBase">
    <skipped/>
  </testcase> <!-- beforeSuite -->
  <testcase name="beforeSuite" classname="com.Hcl.DirectCommerce.testBase.TestBase">
    <skipped/>
  </testcase> <!-- beforeSuite -->
  <testcase name="beforeSuite" classname="com.Hcl.DirectCommerce.testBase.TestBase">
    <skipped/>
  </testcase> <!-- beforeSuite -->
  <testcase name="beforeSuite" classname="com.Hcl.DirectCommerce.testBase.TestBase">
    <skipped/>
  </testcase> <!-- beforeSuite -->
  <testcase name="beforeSuite" classname="com.Hcl.DirectCommerce.testBase.TestBase">
    <skipped/>
  </testcase> <!-- beforeSuite -->
  <testcase name="beforeSuite" classname="com.Hcl.DirectCommerce.testBase.TestBase">
    <skipped/>
  </testcase> <!-- beforeSuite -->
  <testcase name="beforeSuite" classname="com.Hcl.DirectCommerce.testBase.TestBase">
    <skipped/>
  </testcase> <!-- beforeSuite -->
</testsuite> <!-- com.Hcl.DirectCommerce.LoginPage.Verify_Reset_Password_in_which_confirm_newpassword_Is_notMatching -->
