<?xml version="1.0" encoding="UTF-8"?>
<!-- Generated by org.testng.reporters.JUnitReportReporter -->
<testsuite name="com.Hcl.DirectCommerce.LoginPage.Verify_Reset_password_trying_to_use_the_old_password" tests="2" time="0.002" ignored="0" failures="0" timestamp="11 Aug 2021 21:26:52 GMT" skipped="2" hostname="IN2-1025604LT" errors="0">
  <testcase name="Tc2" time="0.001" classname="com.Hcl.DirectCommerce.LoginPage.Verify_Reset_password_trying_to_use_the_old_password">
    <skipped/>
  </testcase> <!-- Tc2 -->
  <testcase name="VerifyResetpassword_trying_t_use_the_old_password" time="0.001" classname="com.Hcl.DirectCommerce.LoginPage.Verify_Reset_password_trying_to_use_the_old_password">
    <skipped/>
  </testcase> <!-- VerifyResetpassword_trying_t_use_the_old_password -->
</testsuite> <!-- com.Hcl.DirectCommerce.LoginPage.Verify_Reset_password_trying_to_use_the_old_password -->
