<?xml version="1.0" encoding="UTF-8"?>
<!-- Generated by org.testng.reporters.JUnitReportReporter -->
<testsuite name="com.Hcl.DirectCommerce.SearchCustomer.search_for_a_customer_using_Auto_PO_Number" tests="1" time="190.009" ignored="0" failures="0" timestamp="11 Aug 2021 21:26:52 GMT" skipped="0" hostname="IN2-1025604LT" errors="0">
  <testcase name="CS_021" time="190.009" classname="com.Hcl.DirectCommerce.SearchCustomer.search_for_a_customer_using_Auto_PO_Number"/>
</testsuite> <!-- com.Hcl.DirectCommerce.SearchCustomer.search_for_a_customer_using_Auto_PO_Number -->
