<?xml version="1.0" encoding="UTF-8"?>
<!-- Generated by org.testng.reporters.JUnitReportReporter -->
<testsuite name="com.Hcl.DirectCommerce.Orders_with_credit_card_as_paymethod.Place_a_phone_order_for_C3_item_with_MC_pay_method_online_authorize" tests="1" time="0.001" ignored="0" failures="0" timestamp="11 Aug 2021 21:26:52 GMT" skipped="1" hostname="IN2-1025604LT" errors="0">
  <testcase name="K4_MC" time="0.001" classname="com.Hcl.DirectCommerce.Orders_with_credit_card_as_paymethod.Place_a_phone_order_for_C3_item_with_MC_pay_method_online_authorize">
    <skipped/>
  </testcase> <!-- K4_MC -->
</testsuite> <!-- com.Hcl.DirectCommerce.Orders_with_credit_card_as_paymethod.Place_a_phone_order_for_C3_item_with_MC_pay_method_online_authorize -->
