<?xml version="1.0" encoding="UTF-8"?>
<!-- Generated by org.testng.reporters.JUnitReportReporter -->
<testsuite name="com.Hcl.DirectCommerce.CustomerSearch.verify_the_Addas_new_customer_button_after_searching_with_an_invalid_data" tests="1" time="275.222" ignored="0" failures="0" timestamp="07 Apr 2020 07:34:37 GMT" skipped="0" hostname="IN2-1025604LT" errors="0">
  <testcase name="TC_5" time="275.222" classname="com.Hcl.DirectCommerce.CustomerSearch.verify_the_Addas_new_customer_button_after_searching_with_an_invalid_data"/>
</testsuite> <!-- com.Hcl.DirectCommerce.CustomerSearch.verify_the_Addas_new_customer_button_after_searching_with_an_invalid_data -->
