<?xml version="1.0" encoding="UTF-8"?>
<!-- Generated by org.testng.reporters.JUnitReportReporter -->
<testsuite name="com.Hcl.DirectCommerce.Modifyorder.Verify_Modify_order_by_adding_new_items_k4" tests="2" time="845.292" ignored="0" failures="0" timestamp="05 Jan 2022 06:36:50 GMT" skipped="0" hostname="IN2-1025604LT" errors="0">
  <testcase name="returnOrder" time="20.025" classname="com.Hcl.DirectCommerce.Modifyorder.Verify_Modify_order_by_adding_new_items_k4"/>
  <testcase name="K1_OA" time="825.267" classname="com.Hcl.DirectCommerce.Modifyorder.Verify_Modify_order_by_adding_new_items_k4"/>
</testsuite> <!-- com.Hcl.DirectCommerce.Modifyorder.Verify_Modify_order_by_adding_new_items_k4 -->
