<?xml version="1.0" encoding="UTF-8"?>
<!-- Generated by org.testng.reporters.JUnitReportReporter -->
<testsuite name="com.Hcl.DirectCommerce.Orders_with_Additional_Pay_methods_gift_coupon_cert.Place_a_phone_order_for_E2_item_with_Gift_Card_pay_method_Fully_Paid" tests="1" time="555.810" ignored="0" failures="0" timestamp="14 May 2020 10:43:26 GMT" skipped="0" hostname="IN2-1025604LT" errors="0">
  <testcase name="E2_OA" time="555.810" classname="com.Hcl.DirectCommerce.Orders_with_Additional_Pay_methods_gift_coupon_cert.Place_a_phone_order_for_E2_item_with_Gift_Card_pay_method_Fully_Paid"/>
</testsuite> <!-- com.Hcl.DirectCommerce.Orders_with_Additional_Pay_methods_gift_coupon_cert.Place_a_phone_order_for_E2_item_with_Gift_Card_pay_method_Fully_Paid -->
