<?xml version="1.0" encoding="UTF-8"?>
<!-- Generated by org.testng.reporters.JUnitReportReporter -->
<testsuite name="com.Hcl.DirectCommerce.Modifyorder.Verify_Modify_order_by_modifying_the_exisitng_item_quantity" tests="2" time="1233.570" ignored="0" failures="0" timestamp="31 Mar 2022 16:07:06 GMT" skipped="0" hostname="IN2-1025604LT" errors="0">
  <testcase name="R1_OA" time="1215.268" classname="com.Hcl.DirectCommerce.Modifyorder.Verify_Modify_order_by_modifying_the_exisitng_item_quantity"/>
  <testcase name="returnOrder" time="18.302" classname="com.Hcl.DirectCommerce.Modifyorder.Verify_Modify_order_by_modifying_the_exisitng_item_quantity"/>
</testsuite> <!-- com.Hcl.DirectCommerce.Modifyorder.Verify_Modify_order_by_modifying_the_exisitng_item_quantity -->
