<?xml version="1.0" encoding="UTF-8"?>
<!-- Generated by org.testng.reporters.JUnitReportReporter -->
<testsuite name="com.Hcl.DirectCommerce.LoginPage.Verify_the_Login_Correct_User_Name_and_password" tests="1" time="0.000" ignored="0" failures="0" timestamp="11 Aug 2021 21:26:52 GMT" skipped="1" hostname="IN2-1025604LT" errors="0">
  <testcase name="VerifytheLoginCorrectUserNameandpassword" time="0.000" classname="com.Hcl.DirectCommerce.LoginPage.Verify_the_Login_Correct_User_Name_and_password">
    <skipped/>
  </testcase> <!-- VerifytheLoginCorrectUserNameandpassword -->
</testsuite> <!-- com.Hcl.DirectCommerce.LoginPage.Verify_the_Login_Correct_User_Name_and_password -->
