<?xml version="1.0" encoding="UTF-8"?>
<!-- Generated by org.testng.reporters.JUnitReportReporter -->
<testsuite name="com.Hcl.HomePage.testing" tests="1" time="9.605" ignored="0" failures="0" timestamp="05 May 2019 13:27:54 GMT" skipped="0" hostname="IN2-1025604LT" errors="0">
  <testcase name="testLoginToApplication" time="9.605" classname="com.Hcl.HomePage.testing"/>
</testsuite> <!-- com.Hcl.HomePage.testing -->
