<?xml version="1.0" encoding="UTF-8"?>
<!-- Generated by org.testng.reporters.JUnitReportReporter -->
<testsuite name="com.Hcl.DirectCommerce.Modifyorder.Verify_Modify_order_by_adding_new_items_E6" tests="2" time="453.440" ignored="0" failures="0" timestamp="07 Jan 2022 06:55:43 GMT" skipped="0" hostname="IN2-1025604LT" errors="0">
  <testcase name="returnOrder" time="23.524" classname="com.Hcl.DirectCommerce.Modifyorder.Verify_Modify_order_by_adding_new_items_E6"/>
  <testcase name="E4_OA" time="429.916" classname="com.Hcl.DirectCommerce.Modifyorder.Verify_Modify_order_by_adding_new_items_E6"/>
</testsuite> <!-- com.Hcl.DirectCommerce.Modifyorder.Verify_Modify_order_by_adding_new_items_E6 -->
