<?xml version="1.0" encoding="UTF-8"?>
<!-- Generated by org.testng.reporters.JUnitReportReporter -->
<testsuite name="com.Hcl.DirectCommerce.LoginPage.Verify_Reset_password_navigations_negative_scenario" tests="1" time="0.000" ignored="0" failures="0" timestamp="11 Aug 2021 21:26:52 GMT" skipped="1" hostname="IN2-1025604LT" errors="0">
  <testcase name="VerifyResetpassword_navigations_negative_scenario" time="0.000" classname="com.Hcl.DirectCommerce.LoginPage.Verify_Reset_password_navigations_negative_scenario">
    <skipped/>
  </testcase> <!-- VerifyResetpassword_navigations_negative_scenario -->
</testsuite> <!-- com.Hcl.DirectCommerce.LoginPage.Verify_Reset_password_navigations_negative_scenario -->
