<?xml version="1.0" encoding="UTF-8"?>
<!-- Generated by org.testng.reporters.JUnitReportReporter -->
<testsuite name="com.Hcl.DirectCommerce.Orders_with_backorder_items.Place_a_phone_order_for_K3_in_stock_item_and_override_the_quantity_and_select_No_to_backorder" tests="1" time="0.000" ignored="0" failures="0" timestamp="11 Aug 2021 21:26:52 GMT" skipped="1" hostname="IN2-1025604LT" errors="0">
  <testcase name="K1_OA_OUTOFSTOCK" time="0.000" classname="com.Hcl.DirectCommerce.Orders_with_backorder_items.Place_a_phone_order_for_K3_in_stock_item_and_override_the_quantity_and_select_No_to_backorder">
    <skipped/>
  </testcase> <!-- K1_OA_OUTOFSTOCK -->
</testsuite> <!-- com.Hcl.DirectCommerce.Orders_with_backorder_items.Place_a_phone_order_for_K3_in_stock_item_and_override_the_quantity_and_select_No_to_backorder -->
