<?xml version="1.0" encoding="UTF-8"?>
<!-- Generated by org.testng.reporters.JUnitReportReporter -->
<testsuite name="com.Hcl.DirectCommerce.SearchCustomer.search_for_a_customer_using_Tracking_Number" tests="1" time="0.001" ignored="0" failures="0" timestamp="11 Aug 2021 21:26:51 GMT" skipped="1" hostname="IN2-1025604LT" errors="0">
  <testcase name="CS_020" time="0.001" classname="com.Hcl.DirectCommerce.SearchCustomer.search_for_a_customer_using_Tracking_Number">
    <skipped/>
  </testcase> <!-- CS_020 -->
</testsuite> <!-- com.Hcl.DirectCommerce.SearchCustomer.search_for_a_customer_using_Tracking_Number -->
