<?xml version="1.0" encoding="UTF-8"?>
<!-- Generated by org.testng.reporters.JUnitReportReporter -->
<testsuite name="com.Hcl.DirectCommerce.HomePage.Verify_Change_password_navigations" tests="2" time="8.590" ignored="0" failures="0" timestamp="27 May 2019 14:23:30 GMT" skipped="0" hostname="IN2-1025604LT" errors="0">
  <testcase name="Tc5" time="7.436" classname="com.Hcl.DirectCommerce.HomePage.Verify_Change_password_navigations"/>
  <testcase name="Tc6" time="1.154" classname="com.Hcl.DirectCommerce.HomePage.Verify_Change_password_navigations"/>
</testsuite> <!-- com.Hcl.DirectCommerce.HomePage.Verify_Change_password_navigations -->
