<?xml version="1.0" encoding="UTF-8"?>
<!-- Generated by org.testng.reporters.JUnitReportReporter -->
<testsuite name="com.Hcl.DirectCommerce.LoginPage.Verify_Change_Password_new_password_is_not_matching" tests="2" time="0.000" ignored="0" failures="0" timestamp="11 Aug 2021 21:26:51 GMT" skipped="2" hostname="IN2-1025604LT" errors="0">
  <testcase name="Tc2" time="0.000" classname="com.Hcl.DirectCommerce.LoginPage.Verify_Change_Password_new_password_is_not_matching">
    <skipped/>
  </testcase> <!-- Tc2 -->
  <testcase name="VerifyChange_Password_new_password_is_not_matching" time="0.000" classname="com.Hcl.DirectCommerce.LoginPage.Verify_Change_Password_new_password_is_not_matching">
    <skipped/>
  </testcase> <!-- VerifyChange_Password_new_password_is_not_matching -->
</testsuite> <!-- com.Hcl.DirectCommerce.LoginPage.Verify_Change_Password_new_password_is_not_matching -->
