<?xml version="1.0" encoding="UTF-8"?>
<!-- Generated by org.testng.reporters.JUnitReportReporter -->
<testsuite name="com.api.ApitestLogin" tests="1" time="17.685" ignored="0" failures="0" timestamp="31 Dec 2021 04:47:01 GMT" skipped="0" hostname="IN2-1025604LT" errors="0">
  <testcase name="CC01" time="17.685" classname="com.api.ApitestLogin"/>
</testsuite> <!-- com.api.ApitestLogin -->
