<?xml version="1.0" encoding="UTF-8"?>
<!-- Generated by org.testng.reporters.JUnitReportReporter -->
<testsuite name="com.Hcl.DirectCommerce.OrderLifeCycle_DiffProducts.Place_an_order_for_T2_product" tests="1" time="0.001" ignored="0" failures="0" timestamp="11 Aug 2021 21:26:51 GMT" skipped="1" hostname="IN2-1025604LT" errors="0">
  <testcase name="T2_OA" time="0.001" classname="com.Hcl.DirectCommerce.OrderLifeCycle_DiffProducts.Place_an_order_for_T2_product">
    <skipped/>
  </testcase> <!-- T2_OA -->
</testsuite> <!-- com.Hcl.DirectCommerce.OrderLifeCycle_DiffProducts.Place_an_order_for_T2_product -->
