<?xml version="1.0" encoding="UTF-8"?>
<!-- Generated by org.testng.reporters.JUnitReportReporter -->
<testsuite name="com.Hcl.DirectCommerce.Placeorder.Place_an_order_for_R1_product" tests="1" time="284.524" ignored="0" failures="0" timestamp="21 Apr 2020 06:39:07 GMT" skipped="0" hostname="IN2-1025604LT" errors="0">
  <testcase name="R1_OA" time="284.524" classname="com.Hcl.DirectCommerce.Placeorder.Place_an_order_for_R1_product"/>
</testsuite> <!-- com.Hcl.DirectCommerce.Placeorder.Place_an_order_for_R1_product -->
