<?xml version="1.0" encoding="UTF-8"?>
<!-- Generated by org.testng.reporters.JUnitReportReporter -->
<testsuite name="com.Hcl.DirectCommerce.HomePage.Testing" tests="1" time="0.655" ignored="0" failures="0" timestamp="17 May 2019 07:06:20 GMT" skipped="0" hostname="IN2-1025604LT" errors="0">
  <testcase name="verifytesting" time="0.655" classname="com.Hcl.DirectCommerce.HomePage.Testing"/>
</testsuite> <!-- com.Hcl.DirectCommerce.HomePage.Testing -->
