<?xml version="1.0" encoding="UTF-8"?>
<!-- Generated by org.testng.reporters.JUnitReportReporter -->
<testsuite name="com.Hcl.DirectCommerce.Orders_with_credit_card_as_paymethod.Place_a_phone_order_for_E6_item_with_DI_pay_method_online_authorize" tests="1" time="0.000" ignored="0" failures="0" timestamp="11 Aug 2021 21:26:51 GMT" skipped="1" hostname="IN2-1025604LT" errors="0">
  <testcase name="E6_DI" time="0.000" classname="com.Hcl.DirectCommerce.Orders_with_credit_card_as_paymethod.Place_a_phone_order_for_E6_item_with_DI_pay_method_online_authorize">
    <skipped/>
  </testcase> <!-- E6_DI -->
</testsuite> <!-- com.Hcl.DirectCommerce.Orders_with_credit_card_as_paymethod.Place_a_phone_order_for_E6_item_with_DI_pay_method_online_authorize -->
