<?xml version="1.0" encoding="UTF-8"?>
<!-- Generated by org.testng.reporters.JUnitReportReporter -->
<testsuite name="com.Hcl.DirectCommerce.Modifyorder.Verify_Modify_order_by_changing_the_PM_from_OA_to_CA" tests="2" time="341.321" ignored="0" failures="0" timestamp="29 Apr 2022 11:26:42 GMT" skipped="0" hostname="IN2-1025604LT" errors="0">
  <testcase name="R1_OA" time="321.376" classname="com.Hcl.DirectCommerce.Modifyorder.Verify_Modify_order_by_changing_the_PM_from_OA_to_CA"/>
  <testcase name="returnOrder" time="19.945" classname="com.Hcl.DirectCommerce.Modifyorder.Verify_Modify_order_by_changing_the_PM_from_OA_to_CA"/>
</testsuite> <!-- com.Hcl.DirectCommerce.Modifyorder.Verify_Modify_order_by_changing_the_PM_from_OA_to_CA -->
