<?xml version="1.0" encoding="UTF-8"?>
<!-- Generated by org.testng.reporters.JUnitReportReporter -->
<testsuite name="com.Hcl.DirectCommerce.Orders_with_Quantity_and_PriceOverride.Place_a_phone_order_for_C3_item_and_override_the_quantity_and_price" tests="1" time="0.000" ignored="0" failures="0" timestamp="11 Aug 2021 21:26:52 GMT" skipped="1" hostname="IN2-1025604LT" errors="0">
  <testcase name="C3_OA" time="0.000" classname="com.Hcl.DirectCommerce.Orders_with_Quantity_and_PriceOverride.Place_a_phone_order_for_C3_item_and_override_the_quantity_and_price">
    <skipped/>
  </testcase> <!-- C3_OA -->
</testsuite> <!-- com.Hcl.DirectCommerce.Orders_with_Quantity_and_PriceOverride.Place_a_phone_order_for_C3_item_and_override_the_quantity_and_price -->
