<?xml version="1.0" encoding="UTF-8"?>
<!-- Generated by org.testng.reporters.JUnitReportReporter -->
<testsuite name="com.Hcl.DirectCommerce.Modifyorder.Verify_Modify_order_by_adding_new_items_E5" tests="2" time="845.656" ignored="0" failures="0" timestamp="07 Jan 2022 06:44:15 GMT" skipped="0" hostname="IN2-1025604LT" errors="0">
  <testcase name="returnOrder" time="19.168" classname="com.Hcl.DirectCommerce.Modifyorder.Verify_Modify_order_by_adding_new_items_E5"/>
  <testcase name="E4_OA" time="826.488" classname="com.Hcl.DirectCommerce.Modifyorder.Verify_Modify_order_by_adding_new_items_E5"/>
</testsuite> <!-- com.Hcl.DirectCommerce.Modifyorder.Verify_Modify_order_by_adding_new_items_E5 -->
