<?xml version="1.0" encoding="UTF-8"?>
<!-- Generated by org.testng.reporters.JUnitReportReporter -->
<testsuite name="com.api.Apitest" tests="1" time="151.008" ignored="0" failures="0" timestamp="29 Dec 2021 10:43:49 GMT" skipped="0" hostname="IN2-1025604LT" errors="0">
  <testcase name="CC01" time="151.008" classname="com.api.Apitest"/>
</testsuite> <!-- com.api.Apitest -->
