<?xml version="1.0" encoding="UTF-8"?>
<!-- Generated by org.testng.reporters.JUnitReportReporter -->
<testsuite name="com.Hcl.DirectCommerce.Modifyorder.Verify_Modify_order_by_adding_new_items_E2" tests="2" time="1337.983" ignored="0" failures="0" timestamp="06 Jan 2022 10:58:31 GMT" skipped="0" hostname="IN2-1025604LT" errors="0">
  <testcase name="returnOrder" time="20.478" classname="com.Hcl.DirectCommerce.Modifyorder.Verify_Modify_order_by_adding_new_items_E2"/>
  <testcase name="E2_OA" time="1317.505" classname="com.Hcl.DirectCommerce.Modifyorder.Verify_Modify_order_by_adding_new_items_E2"/>
</testsuite> <!-- com.Hcl.DirectCommerce.Modifyorder.Verify_Modify_order_by_adding_new_items_E2 -->
