<?xml version="1.0" encoding="UTF-8"?>
<!-- Generated by org.testng.reporters.JUnitReportReporter -->
<testsuite name="com.Hcl.DirectCommerce.HomePage.ChangePasswordwithDifferentCase" tests="1" time="70.866" ignored="0" failures="0" timestamp="21 May 2019 06:06:18 GMT" skipped="0" hostname="IN2-1025604LT" errors="0">
  <testcase name="ChangePasswordwithDifferentCaseTest" time="70.866" classname="com.Hcl.DirectCommerce.HomePage.ChangePasswordwithDifferentCase"/>
</testsuite> <!-- com.Hcl.DirectCommerce.HomePage.ChangePasswordwithDifferentCase -->
