<?xml version="1.0" encoding="UTF-8"?>
<!-- Generated by org.testng.reporters.JUnitReportReporter -->
<testsuite name="com.Hcl.DirectCommerce.CustomerSearch.Verify_the_Dashboard_view_of_Direct_Commerce_Web_Application" tests="1" time="76.566" ignored="0" failures="0" timestamp="07 Apr 2020 04:27:52 GMT" skipped="0" hostname="IN2-1025604LT" errors="0">
  <testcase name="TC_1" time="76.566" classname="com.Hcl.DirectCommerce.CustomerSearch.Verify_the_Dashboard_view_of_Direct_Commerce_Web_Application"/>
</testsuite> <!-- com.Hcl.DirectCommerce.CustomerSearch.Verify_the_Dashboard_view_of_Direct_Commerce_Web_Application -->
