<?xml version="1.0" encoding="UTF-8"?>
<!-- Generated by org.testng.reporters.JUnitReportReporter -->
<testsuite name="com.Hcl.HomePage.test1" tests="3" time="1.312" ignored="0" failures="0" timestamp="09 May 2019 10:15:34 GMT" skipped="0" hostname="IN2-1025604LT" errors="0">
  <testcase name="T2" time="0.338" classname="com.Hcl.HomePage.test1"/>
  <testcase name="T1" time="0.349" classname="com.Hcl.HomePage.test1"/>
  <testcase name="T3" time="0.625" classname="com.Hcl.HomePage.test1"/>
</testsuite> <!-- com.Hcl.HomePage.test1 -->
