<?xml version="1.0" encoding="UTF-8"?>
<!-- Generated by org.testng.reporters.JUnitReportReporter -->
<testsuite name="com.Hcl.DirectCommerce.Modifyorder.Verify_Modify_order_by_modifying_the_exisitng_item_price" tests="2" time="559.710" ignored="0" failures="0" timestamp="31 Mar 2022 16:55:48 GMT" skipped="0" hostname="IN2-1025604LT" errors="0">
  <testcase name="R1_OA" time="539.959" classname="com.Hcl.DirectCommerce.Modifyorder.Verify_Modify_order_by_modifying_the_exisitng_item_price"/>
  <testcase name="returnOrder" time="19.751" classname="com.Hcl.DirectCommerce.Modifyorder.Verify_Modify_order_by_modifying_the_exisitng_item_price"/>
</testsuite> <!-- com.Hcl.DirectCommerce.Modifyorder.Verify_Modify_order_by_modifying_the_exisitng_item_price -->
