<?xml version="1.0" encoding="UTF-8"?>
<!-- Generated by org.testng.reporters.JUnitReportReporter -->
<testsuite name="com.Hcl.DirectCommerce.OrderLifeCycle_DiffProducts.place_an_order_for_T1_product_WITHOUT_STOCK" tests="1" time="308.419" ignored="0" failures="0" timestamp="21 Apr 2020 16:37:46 GMT" skipped="0" hostname="IN2-1025604LT" errors="0">
  <testcase name="TCS89" time="308.419" classname="com.Hcl.DirectCommerce.OrderLifeCycle_DiffProducts.place_an_order_for_T1_product_WITHOUT_STOCK"/>
</testsuite> <!-- com.Hcl.DirectCommerce.OrderLifeCycle_DiffProducts.place_an_order_for_T1_product_WITHOUT_STOCK -->
