<?xml version="1.0" encoding="UTF-8"?>
<!-- Generated by org.testng.reporters.JUnitReportReporter -->
<testsuite name="com.Hcl.HomePage.test" tests="3" time="20.253" ignored="0" failures="0" timestamp="09 May 2019 15:39:42 GMT" skipped="0" hostname="IN2-1025604LT" errors="0">
  <testcase name="T2" time="8.117" classname="com.Hcl.HomePage.test"/>
  <testcase name="T1" time="11.866" classname="com.Hcl.HomePage.test"/>
  <testcase name="T3" time="0.270" classname="com.Hcl.HomePage.test"/>
</testsuite> <!-- com.Hcl.HomePage.test -->
