<?xml version="1.0" encoding="UTF-8"?>
<!-- Generated by org.testng.reporters.JUnitReportReporter -->
<testsuite name="com.Hcl.DirectCommerce.LoginPage.Verify_Change_password_navigations" tests="1" time="0.001" ignored="0" failures="0" timestamp="11 Aug 2021 21:26:52 GMT" skipped="1" hostname="IN2-1025604LT" errors="0">
  <testcase name="VerifyChange_password_navigations" time="0.001" classname="com.Hcl.DirectCommerce.LoginPage.Verify_Change_password_navigations">
    <skipped/>
  </testcase> <!-- VerifyChange_password_navigations -->
</testsuite> <!-- com.Hcl.DirectCommerce.LoginPage.Verify_Change_password_navigations -->
