<?xml version="1.0" encoding="UTF-8"?>
<!-- Generated by org.testng.reporters.JUnitReportReporter -->
<testsuite name="com.Hcl.DirectCommerce.Modifyorder.Verify_Modify_order_by_changing_the_PH" tests="2" time="373.587" ignored="0" failures="0" timestamp="29 Apr 2022 04:33:01 GMT" skipped="0" hostname="IN2-1025604LT" errors="0">
  <testcase name="R1_OA" time="354.108" classname="com.Hcl.DirectCommerce.Modifyorder.Verify_Modify_order_by_changing_the_PH"/>
  <testcase name="returnOrder" time="19.479" classname="com.Hcl.DirectCommerce.Modifyorder.Verify_Modify_order_by_changing_the_PH"/>
</testsuite> <!-- com.Hcl.DirectCommerce.Modifyorder.Verify_Modify_order_by_changing_the_PH -->
