<?xml version="1.0" encoding="UTF-8"?>
<!-- Generated by org.testng.reporters.JUnitReportReporter -->
<testsuite name="com.Hcl.DirectCommerce.Order_with_Credit_Card_and_Gift_Certificate.Place_Order_for_T2_item_with_Overpaid_with_Gift_Certificate" tests="1" time="406.831" ignored="0" failures="0" timestamp="26 Jun 2020 10:11:54 GMT" skipped="0" hostname="IN2-1025604LT" errors="0">
  <testcase name="T2_OA" time="406.831" classname="com.Hcl.DirectCommerce.Order_with_Credit_Card_and_Gift_Certificate.Place_Order_for_T2_item_with_Overpaid_with_Gift_Certificate"/>
</testsuite> <!-- com.Hcl.DirectCommerce.Order_with_Credit_Card_and_Gift_Certificate.Place_Order_for_T2_item_with_Overpaid_with_Gift_Certificate -->
