<?xml version="1.0" encoding="UTF-8"?>
<!-- Generated by org.testng.reporters.JUnitReportReporter -->
<testsuite name="com.Hcl.DirectCommerce.Order_with_Credit_Card_and_Gift_Certificate.Place_order_for_R1_item_with_Gift_Certificate_and_partially_paid_with_Amex" tests="1" time="464.830" ignored="0" failures="0" timestamp="24 Jul 2020 09:33:39 GMT" skipped="0" hostname="IN2-1025604LT" errors="0">
  <testcase name="R1_AX" time="464.830" classname="com.Hcl.DirectCommerce.Order_with_Credit_Card_and_Gift_Certificate.Place_order_for_R1_item_with_Gift_Certificate_and_partially_paid_with_Amex"/>
</testsuite> <!-- com.Hcl.DirectCommerce.Order_with_Credit_Card_and_Gift_Certificate.Place_order_for_R1_item_with_Gift_Certificate_and_partially_paid_with_Amex -->
