<?xml version="1.0" encoding="UTF-8"?>
<!-- Generated by org.testng.reporters.JUnitReportReporter -->
<testsuite name="com.Hcl.DirectCommerce.CustomerSearch.Verify_the_heading_of_customer_search_page" tests="1" time="92.931" ignored="0" failures="0" timestamp="07 Apr 2020 04:37:09 GMT" skipped="0" hostname="IN2-1025604LT" errors="0">
  <testcase name="TC_3" time="92.931" classname="com.Hcl.DirectCommerce.CustomerSearch.Verify_the_heading_of_customer_search_page"/>
</testsuite> <!-- com.Hcl.DirectCommerce.CustomerSearch.Verify_the_heading_of_customer_search_page -->
