<?xml version="1.0" encoding="UTF-8"?>
<!-- Generated by org.testng.reporters.JUnitReportReporter -->
<testsuite name="com.Hcl.DirectCommerce.Modifyorder.Verify_Modify_order_by_removing_the_exisitng_item_order_should_be_placed_with_only_one_item" tests="2" time="204.893" ignored="0" failures="0" timestamp="22 Apr 2022 10:55:24 GMT" skipped="0" hostname="IN2-1025604LT" errors="0">
  <testcase name="returnOrder" time="16.207" classname="com.Hcl.DirectCommerce.Modifyorder.Verify_Modify_order_by_removing_the_exisitng_item_order_should_be_placed_with_only_one_item"/>
  <testcase name="R1_OA" time="188.686" classname="com.Hcl.DirectCommerce.Modifyorder.Verify_Modify_order_by_removing_the_exisitng_item_order_should_be_placed_with_only_one_item"/>
</testsuite> <!-- com.Hcl.DirectCommerce.Modifyorder.Verify_Modify_order_by_removing_the_exisitng_item_order_should_be_placed_with_only_one_item -->
