<?xml version="1.0" encoding="UTF-8"?>
<!-- Generated by org.testng.reporters.JUnitReportReporter -->
<testsuite name="com.Hcl.DirectCommerce.Modifyorder.Verify_modify_order_and_add_comments" tests="2" time="340.223" ignored="0" failures="0" timestamp="22 Apr 2022 12:38:37 GMT" skipped="0" hostname="IN2-1025604LT" errors="0">
  <testcase name="returnOrder" time="16.900" classname="com.Hcl.DirectCommerce.Modifyorder.Verify_modify_order_and_add_comments"/>
  <testcase name="R1_OA" time="323.323" classname="com.Hcl.DirectCommerce.Modifyorder.Verify_modify_order_and_add_comments"/>
</testsuite> <!-- com.Hcl.DirectCommerce.Modifyorder.Verify_modify_order_and_add_comments -->
