<?xml version="1.0" encoding="UTF-8"?>
<!-- Generated by org.testng.reporters.JUnitReportReporter -->
<testsuite name="com.Hcl.DirectCommerce.LoginPage.Verify_Reset_Password_bypassing_BlankValues_B" tests="2" time="0.000" ignored="0" failures="0" timestamp="11 Aug 2021 21:26:52 GMT" skipped="2" hostname="IN2-1025604LT" errors="0">
  <testcase name="Tc" time="0.000" classname="com.Hcl.DirectCommerce.LoginPage.Verify_Reset_Password_bypassing_BlankValues_B">
    <skipped/>
  </testcase> <!-- Tc -->
  <testcase name="VerifyReset_Password_bypassing_BlankValues_B" time="0.000" classname="com.Hcl.DirectCommerce.LoginPage.Verify_Reset_Password_bypassing_BlankValues_B">
    <skipped/>
  </testcase> <!-- VerifyReset_Password_bypassing_BlankValues_B -->
</testsuite> <!-- com.Hcl.DirectCommerce.LoginPage.Verify_Reset_Password_bypassing_BlankValues_B -->
