<?xml version="1.0" encoding="UTF-8"?>
<!-- Generated by org.testng.reporters.JUnitReportReporter -->
<testsuite name="com.Hcl.DirectCommerce.CustomerSearch.verify_the_Phone_order_Entry_button" tests="1" time="131.958" ignored="0" failures="0" timestamp="07 Apr 2020 04:44:56 GMT" skipped="0" hostname="IN2-1025604LT" errors="0">
  <testcase name="TC_2" time="131.958" classname="com.Hcl.DirectCommerce.CustomerSearch.verify_the_Phone_order_Entry_button"/>
</testsuite> <!-- com.Hcl.DirectCommerce.CustomerSearch.verify_the_Phone_order_Entry_button -->
