<?xml version="1.0" encoding="UTF-8"?>
<!-- Generated by org.testng.reporters.JUnitReportReporter -->
<testsuite name="com.Hcl.DirectCommerce.HomePage.test1" tests="3" time="0.310" ignored="0" failures="0" timestamp="17 May 2019 07:06:43 GMT" skipped="0" hostname="IN2-1025604LT" errors="0">
  <testcase name="T2" time="0.246" classname="com.Hcl.DirectCommerce.HomePage.test1"/>
  <testcase name="T3" time="0.029" classname="com.Hcl.DirectCommerce.HomePage.test1"/>
  <testcase name="T1" time="0.035" classname="com.Hcl.DirectCommerce.HomePage.test1"/>
</testsuite> <!-- com.Hcl.DirectCommerce.HomePage.test1 -->
