<?xml version="1.0" encoding="UTF-8"?>
<!-- Generated by org.testng.reporters.JUnitReportReporter -->
<testsuite name="com.Hcl.DirectCommerce.Orders_with_Quantity_and_PriceOverride.Place_a_phone_order_for_E5_item_and_override_the_quantity_at_header_and_component_level_price_override_for_components" tests="1" time="490.382" ignored="0" failures="0" timestamp="14 Jul 2020 13:45:56 GMT" skipped="0" hostname="IN2-1025604LT" errors="0">
  <testcase name="E5_OA" time="490.382" classname="com.Hcl.DirectCommerce.Orders_with_Quantity_and_PriceOverride.Place_a_phone_order_for_E5_item_and_override_the_quantity_at_header_and_component_level_price_override_for_components"/>
</testsuite> <!-- com.Hcl.DirectCommerce.Orders_with_Quantity_and_PriceOverride.Place_a_phone_order_for_E5_item_and_override_the_quantity_at_header_and_component_level_price_override_for_components -->
