<?xml version="1.0" encoding="UTF-8"?>
<!-- Generated by org.testng.reporters.JUnitReportReporter -->
<testsuite name="com.Hcl.DirectCommerce.Orders_with_Additional_Pay_methods_gift_coupon_cert.Place_a_phone_order_for_K3_item_with_Gift_Certificate_pay_method_Fully_Paid" tests="1" time="342.898" ignored="0" failures="0" timestamp="24 Nov 2020 10:48:26 GMT" skipped="0" hostname="IN2-1025604LT" errors="0">
  <testcase name="K3_OA" time="342.898" classname="com.Hcl.DirectCommerce.Orders_with_Additional_Pay_methods_gift_coupon_cert.Place_a_phone_order_for_K3_item_with_Gift_Certificate_pay_method_Fully_Paid"/>
</testsuite> <!-- com.Hcl.DirectCommerce.Orders_with_Additional_Pay_methods_gift_coupon_cert.Place_a_phone_order_for_K3_item_with_Gift_Certificate_pay_method_Fully_Paid -->
