<?xml version="1.0" encoding="UTF-8"?>
<!-- Generated by org.testng.reporters.JUnitReportReporter -->
<testsuite name="com.Hcl.DirectCommerce.HomePage.Testing" tests="1" time="0.745" ignored="0" failures="0" timestamp="16 May 2019 10:00:29 GMT" skipped="0" hostname="IN2-1025604LT" errors="0">
  <testcase name="verifytesting" time="0.745" classname="com.Hcl.DirectCommerce.HomePage.Testing"/>
</testsuite> <!-- com.Hcl.DirectCommerce.HomePage.Testing -->
