<?xml version="1.0" encoding="UTF-8"?>
<!-- Generated by org.testng.reporters.JUnitReportReporter -->
<testsuite name="com.Hcl.DirectCommerce.Order_Diff_Products_Price_Override.Place_a_phone_order_for_K3_item_and_override_the_price" tests="1" time="422.916" ignored="0" failures="0" timestamp="23 Nov 2020 12:54:25 GMT" skipped="0" hostname="IN2-1025604LT" errors="0">
  <testcase name="K3_OA" time="422.916" classname="com.Hcl.DirectCommerce.Order_Diff_Products_Price_Override.Place_a_phone_order_for_K3_item_and_override_the_price"/>
</testsuite> <!-- com.Hcl.DirectCommerce.Order_Diff_Products_Price_Override.Place_a_phone_order_for_K3_item_and_override_the_price -->
