<?xml version="1.0" encoding="UTF-8"?>
<!-- Generated by org.testng.reporters.JUnitReportReporter -->
<testsuite name="com.Hcl.DirectCommerce.OrderLifeCycle_DiffProducts.Place_an_order_for_T2_product" tests="1" time="331.456" ignored="0" failures="0" timestamp="24 Nov 2020 08:46:34 GMT" skipped="0" hostname="IN2-1025604LT" errors="0">
  <testcase name="T2_OA" time="331.456" classname="com.Hcl.DirectCommerce.OrderLifeCycle_DiffProducts.Place_an_order_for_T2_product"/>
</testsuite> <!-- com.Hcl.DirectCommerce.OrderLifeCycle_DiffProducts.Place_an_order_for_T2_product -->
