<?xml version="1.0" encoding="UTF-8"?>
<!-- Generated by org.testng.reporters.JUnitReportReporter -->
<testsuite name="com.Hcl.DirectCommerce.SearchCustomer.search_for_a_customer_using_normal_search_NAME_ZIPCODE" tests="1" time="120.037" ignored="0" failures="0" timestamp="14 Jul 2020 13:45:55 GMT" skipped="0" hostname="IN2-1025604LT" errors="0">
  <testcase name="CS_004" time="120.037" classname="com.Hcl.DirectCommerce.SearchCustomer.search_for_a_customer_using_normal_search_NAME_ZIPCODE"/>
</testsuite> <!-- com.Hcl.DirectCommerce.SearchCustomer.search_for_a_customer_using_normal_search_NAME_ZIPCODE -->
