<?xml version="1.0" encoding="UTF-8"?>
<!-- Generated by org.testng.reporters.JUnitReportReporter -->
<testsuite name="com.Hcl.DirectCommerce.Orders_with_backorder_items.Place_a_phone_order_for_K4_out_of_stock_prompting_product_OOS_item_and_override_the_quantity_and_select_yes_to_backorder" tests="1" time="429.909" ignored="0" failures="0" timestamp="14 Jul 2020 13:45:56 GMT" skipped="0" hostname="IN2-1025604LT" errors="0">
  <testcase name="K4_OA" time="429.909" classname="com.Hcl.DirectCommerce.Orders_with_backorder_items.Place_a_phone_order_for_K4_out_of_stock_prompting_product_OOS_item_and_override_the_quantity_and_select_yes_to_backorder"/>
</testsuite> <!-- com.Hcl.DirectCommerce.Orders_with_backorder_items.Place_a_phone_order_for_K4_out_of_stock_prompting_product_OOS_item_and_override_the_quantity_and_select_yes_to_backorder -->
