<?xml version="1.0" encoding="UTF-8"?>
<!-- Generated by org.testng.reporters.JUnitReportReporter -->
<testsuite name="com.Hcl.DirectCommerce.LoginPage.Verify_the_Login_Correct_User_Name_and_password" tests="1" time="48.392" ignored="0" failures="0" timestamp="23 Nov 2020 09:35:46 GMT" skipped="0" hostname="IN2-1025604LT" errors="0">
  <testcase name="VerifytheLoginCorrectUserNameandpassword" time="48.392" classname="com.Hcl.DirectCommerce.LoginPage.Verify_the_Login_Correct_User_Name_and_password"/>
</testsuite> <!-- com.Hcl.DirectCommerce.LoginPage.Verify_the_Login_Correct_User_Name_and_password -->
