<?xml version="1.0" encoding="UTF-8"?>
<!-- Generated by org.testng.reporters.JUnitReportReporter -->
<testsuite name="com.Hcl.DirectCommerce.SearchCustomer.search_for_a_CustomerUsingNormalSearch_NAME_STREET" tests="1" time="154.700" ignored="0" failures="0" timestamp="14 Jul 2020 13:45:56 GMT" skipped="0" hostname="IN2-1025604LT" errors="0">
  <testcase name="CS_009" time="154.700" classname="com.Hcl.DirectCommerce.SearchCustomer.search_for_a_CustomerUsingNormalSearch_NAME_STREET"/>
</testsuite> <!-- com.Hcl.DirectCommerce.SearchCustomer.search_for_a_CustomerUsingNormalSearch_NAME_STREET -->
