<?xml version="1.0" encoding="UTF-8"?>
<!-- Generated by org.testng.reporters.JUnitReportReporter -->
<testsuite name="com.Hcl.DirectCommerce.Orders_with_Quantity_and_PriceOverride.Place_a_phone_order_for_R1_in_stock_item_and_override_the_quantity_and_price" tests="1" time="428.640" ignored="0" failures="0" timestamp="14 Jul 2020 13:45:55 GMT" skipped="0" hostname="IN2-1025604LT" errors="0">
  <testcase name="R1_OA" time="428.640" classname="com.Hcl.DirectCommerce.Orders_with_Quantity_and_PriceOverride.Place_a_phone_order_for_R1_in_stock_item_and_override_the_quantity_and_price"/>
</testsuite> <!-- com.Hcl.DirectCommerce.Orders_with_Quantity_and_PriceOverride.Place_a_phone_order_for_R1_in_stock_item_and_override_the_quantity_and_price -->
