<?xml version="1.0" encoding="UTF-8"?>
<!-- Generated by org.testng.reporters.JUnitReportReporter -->
<testsuite name="com.Hcl.DirectCommerce.SearchCustomer.search_for_a_customer_using_normal_search_NAME_CITY" tests="1" time="122.992" ignored="0" failures="0" timestamp="14 Jul 2020 13:45:56 GMT" skipped="0" hostname="IN2-1025604LT" errors="0">
  <testcase name="CS_006" time="122.992" classname="com.Hcl.DirectCommerce.SearchCustomer.search_for_a_customer_using_normal_search_NAME_CITY"/>
</testsuite> <!-- com.Hcl.DirectCommerce.SearchCustomer.search_for_a_customer_using_normal_search_NAME_CITY -->
