<?xml version="1.0" encoding="UTF-8"?>
<!-- Generated by org.testng.reporters.JUnitReportReporter -->
<testsuite name="com.Hcl.DirectCommerce.LoginPage.Verify_Change_Password_new_password_is_not_matching" tests="2" time="96.423" ignored="0" failures="0" timestamp="23 Nov 2020 09:35:46 GMT" skipped="0" hostname="IN2-1025604LT" errors="0">
  <testcase name="Tc2" time="47.973" classname="com.Hcl.DirectCommerce.LoginPage.Verify_Change_Password_new_password_is_not_matching"/>
  <testcase name="VerifyChange_Password_new_password_is_not_matching" time="48.450" classname="com.Hcl.DirectCommerce.LoginPage.Verify_Change_Password_new_password_is_not_matching"/>
</testsuite> <!-- com.Hcl.DirectCommerce.LoginPage.Verify_Change_Password_new_password_is_not_matching -->
