<?xml version="1.0" encoding="UTF-8"?>
<!-- Generated by org.testng.reporters.JUnitReportReporter -->
<testsuite name="com.Hcl.DirectCommerce.Orders_with_backorder_items.Place_a_phone_order_for_K2_out_of_stock_item_and_override_the_quantity_and_select_No_to_backorder" tests="1" time="264.666" ignored="0" failures="0" timestamp="13 Jul 2020 16:24:47 GMT" skipped="0" hostname="IN2-1025604LT" errors="0">
  <testcase name="K1_OA_OUTOFSTOCK" time="264.666" classname="com.Hcl.DirectCommerce.Orders_with_backorder_items.Place_a_phone_order_for_K2_out_of_stock_item_and_override_the_quantity_and_select_No_to_backorder"/>
</testsuite> <!-- com.Hcl.DirectCommerce.Orders_with_backorder_items.Place_a_phone_order_for_K2_out_of_stock_item_and_override_the_quantity_and_select_No_to_backorder -->
