<?xml version="1.0" encoding="UTF-8"?>
<!-- Generated by org.testng.reporters.JUnitReportReporter -->
<testsuite name="com.Hcl.DirectCommerce.SearchCustomer.searchForaCustomerUsingNormalSearch_NAME_ZIPCODE" tests="1" time="136.403" ignored="0" failures="0" timestamp="14 Jul 2020 13:45:55 GMT" skipped="0" hostname="IN2-1025604LT" errors="0">
  <testcase name="CS_005" time="136.403" classname="com.Hcl.DirectCommerce.SearchCustomer.searchForaCustomerUsingNormalSearch_NAME_ZIPCODE"/>
</testsuite> <!-- com.Hcl.DirectCommerce.SearchCustomer.searchForaCustomerUsingNormalSearch_NAME_ZIPCODE -->
