<?xml version="1.0" encoding="UTF-8"?>
<!-- Generated by org.testng.reporters.JUnitReportReporter -->
<testsuite name="com.Hcl.DirectCommerce.OrderLifeCycle_DiffProducts.Place_an_order_for_K4_product" tests="1" time="390.093" ignored="0" failures="0" timestamp="23 Nov 2020 17:00:20 GMT" skipped="0" hostname="IN2-1025604LT" errors="0">
  <testcase name="K4_OA" time="390.093" classname="com.Hcl.DirectCommerce.OrderLifeCycle_DiffProducts.Place_an_order_for_K4_product"/>
</testsuite> <!-- com.Hcl.DirectCommerce.OrderLifeCycle_DiffProducts.Place_an_order_for_K4_product -->
