<?xml version="1.0" encoding="UTF-8"?>
<!-- Generated by org.testng.reporters.JUnitReportReporter -->
<testsuite name="com.Hcl.DirectCommerce.OrderLifeCycle_DiffProducts.Place_an_order_for_E6_product" tests="1" time="419.458" ignored="0" failures="0" timestamp="23 Nov 2020 17:24:45 GMT" skipped="0" hostname="IN2-1025604LT" errors="0">
  <testcase name="E6_OA" time="419.458" classname="com.Hcl.DirectCommerce.OrderLifeCycle_DiffProducts.Place_an_order_for_E6_product"/>
</testsuite> <!-- com.Hcl.DirectCommerce.OrderLifeCycle_DiffProducts.Place_an_order_for_E6_product -->
