<?xml version="1.0" encoding="UTF-8"?>
<!-- Generated by org.testng.reporters.JUnitReportReporter -->
<testsuite name="com.Hcl.DirectCommerce.Orders_with_backorder_items.Place_a_phone_order_for_E2_out_of_stock_item_and_override_the_quantity_at_header_level_as_well_as_after_kit_explodes_and_select_No_to_backorder" tests="1" time="279.600" ignored="0" failures="0" timestamp="13 Jul 2020 16:24:48 GMT" skipped="0" hostname="IN2-1025604LT" errors="0">
  <testcase name="E2_OA" time="279.600" classname="com.Hcl.DirectCommerce.Orders_with_backorder_items.Place_a_phone_order_for_E2_out_of_stock_item_and_override_the_quantity_at_header_level_as_well_as_after_kit_explodes_and_select_No_to_backorder"/>
</testsuite> <!-- com.Hcl.DirectCommerce.Orders_with_backorder_items.Place_a_phone_order_for_E2_out_of_stock_item_and_override_the_quantity_at_header_level_as_well_as_after_kit_explodes_and_select_No_to_backorder -->
