<?xml version="1.0" encoding="UTF-8"?>
<!-- Generated by org.testng.reporters.JUnitReportReporter -->
<testsuite name="com.Hcl.DirectCommerce.OrderLifeCycle_DiffProducts.Place_an_order_for_C2_product" tests="1" time="347.609" ignored="0" failures="0" timestamp="23 Nov 2020 17:00:20 GMT" skipped="0" hostname="IN2-1025604LT" errors="0">
  <testcase name="C2_OA" time="347.609" classname="com.Hcl.DirectCommerce.OrderLifeCycle_DiffProducts.Place_an_order_for_C2_product"/>
</testsuite> <!-- com.Hcl.DirectCommerce.OrderLifeCycle_DiffProducts.Place_an_order_for_C2_product -->
