<?xml version="1.0" encoding="UTF-8"?>
<!-- Generated by org.testng.reporters.JUnitReportReporter -->
<testsuite name="com.Hcl.DirectCommerce.Orders_with_backorder_items.Place_a_phone_order_for_E6_out_of_stock_items_including_prompting_prod_and_override_the_quantity_at_header_level_and_select_No_to_backorder" tests="1" time="320.585" ignored="0" failures="0" timestamp="13 Jul 2020 16:24:48 GMT" skipped="0" hostname="IN2-1025604LT" errors="0">
  <testcase name="E6_OA" time="320.585" classname="com.Hcl.DirectCommerce.Orders_with_backorder_items.Place_a_phone_order_for_E6_out_of_stock_items_including_prompting_prod_and_override_the_quantity_at_header_level_and_select_No_to_backorder"/>
</testsuite> <!-- com.Hcl.DirectCommerce.Orders_with_backorder_items.Place_a_phone_order_for_E6_out_of_stock_items_including_prompting_prod_and_override_the_quantity_at_header_level_and_select_No_to_backorder -->
