<?xml version="1.0" encoding="UTF-8"?>
<!-- Generated by org.testng.reporters.JUnitReportReporter -->
<testsuite name="com.Hcl.DirectCommerce.LoginPage.Verify_Reset_Password_in_which_confirm_new_password" tests="2" time="108.252" ignored="0" failures="0" timestamp="23 Nov 2020 09:35:46 GMT" skipped="0" hostname="IN2-1025604LT" errors="0">
  <testcase name="Tc2" time="53.485" classname="com.Hcl.DirectCommerce.LoginPage.Verify_Reset_Password_in_which_confirm_new_password"/>
  <testcase name="VerifyResetPassword_in_which_confirm_new_password" time="54.767" classname="com.Hcl.DirectCommerce.LoginPage.Verify_Reset_Password_in_which_confirm_new_password"/>
</testsuite> <!-- com.Hcl.DirectCommerce.LoginPage.Verify_Reset_Password_in_which_confirm_new_password -->
