<?xml version="1.0" encoding="UTF-8"?>
<!-- Generated by org.testng.reporters.JUnitReportReporter -->
<testsuite name="com.Hcl.DirectCommerce.Orders_with_credit_card_as_paymethod.place_a_phone_order_for_K1_item_with_DI_pay_method_online_authorize" tests="1" time="0.001" ignored="0" failures="0" timestamp="23 Nov 2020 10:02:34 GMT" skipped="1" hostname="IN2-1025604LT" errors="0">
  <testcase name="K1_DI" time="0.001" classname="com.Hcl.DirectCommerce.Orders_with_credit_card_as_paymethod.place_a_phone_order_for_K1_item_with_DI_pay_method_online_authorize">
    <skipped/>
  </testcase> <!-- K1_DI -->
</testsuite> <!-- com.Hcl.DirectCommerce.Orders_with_credit_card_as_paymethod.place_a_phone_order_for_K1_item_with_DI_pay_method_online_authorize -->
