<?xml version="1.0" encoding="UTF-8"?>
<!-- Generated by org.testng.reporters.JUnitReportReporter -->
<testsuite name="com.Hcl.DirectCommerce.Order_Diff_Products_Price_Override.Place_a_phone_order_for_E6_item_and_override_the_price_on_header_both_header_and_component" tests="1" time="460.810" ignored="0" failures="0" timestamp="23 Nov 2020 12:54:25 GMT" skipped="0" hostname="IN2-1025604LT" errors="0">
  <testcase name="E6_OA" time="460.810" classname="com.Hcl.DirectCommerce.Order_Diff_Products_Price_Override.Place_a_phone_order_for_E6_item_and_override_the_price_on_header_both_header_and_component"/>
</testsuite> <!-- com.Hcl.DirectCommerce.Order_Diff_Products_Price_Override.Place_a_phone_order_for_E6_item_and_override_the_price_on_header_both_header_and_component -->
